<?xml version="1.0" encoding="UTF-8"?>
<!-- Generated by org.testng.reporters.JUnitReportReporter -->
<testsuite skipped="0" hostname="DESKTOP-8S455D7" name="com.ccrm.orgTest.OrgTest" tests="2" failures="0" timestamp="30 Dec 2021 10:43:51 GMT" time="0.000" errors="0">
  <testcase name="modifyOrgTest" time="0.000" classname="com.ccrm.orgTest.OrgTest"/>
  <testcase name="createOrgTest" time="0.000" classname="com.ccrm.orgTest.OrgTest"/>
</testsuite> <!-- com.ccrm.orgTest.OrgTest -->
