<?xml version="1.0" encoding="UTF-8"?>
<!-- Generated by org.testng.reporters.JUnitReportReporter -->
<testsuite hostname="DESKTOP-8S455D7" failures="0" tests="2" name="com.ccrm.contacttest.ConatctTest" time="3.034" errors="0" timestamp="30 Dec 2021 10:47:06 GMT" skipped="0">
  <testcase classname="com.ccrm.contacttest.ConatctTest" name="modifyContactTest" time="0.002"/>
  <testcase classname="com.ccrm.contacttest.ConatctTest" name="createConatctTest" time="3.032"/>
</testsuite> <!-- com.ccrm.contacttest.ConatctTest -->
